<?xml version="1.0" encoding="utf-8"?><testsuites name="pytest tests"><testsuite name="pytest" errors="0" failures="0" skipped="0" tests="9" time="5.749" timestamp="2026-07-02T03:42:20.753579+00:00" hostname="agent-env-2dc3fd5f-0554-4b5b-9843-a2c5f4a15a24"><testcase classname="backend.tests.test_nominations_quota.TestQuotaEndpoint" name="test_fresh_subscriber" time="0.274" /><testcase classname="backend.tests.test_nominations_quota.TestQuotaEndpoint" name="test_missing_param" time="0.102" /><testcase classname="backend.tests.test_nominations_quota.TestNominationSubmit" name="test_decrement_quota_5_to_0_then_block" time="2.617" /><testcase classname="backend.tests.test_nominations_quota.TestNominationSubmit" name="test_duplicate_nominee_third_time_rejected" time="1.187" /><testcase classname="backend.tests.test_nominations_quota.TestNominationSubmit" name="test_order_quota_before_duplicate" time="0.114" /><testcase classname="backend.tests.test_nominations_quota.TestNominationSubmit" name="test_subscriber_ghost_id_persisted" time="0.483" /><testcase classname="backend.tests.test_nominations_quota.TestNominationSubmit" name="test_case_insensitive_subscriber_email" time="0.624" /><testcase classname="backend.tests.test_nominations_quota.TestTokenTypeIsolation" name="test_cold_link_does_not_count" time="0.114" /><testcase classname="backend.tests.test_nominations_quota.TestRegressionRootHealth" name="test_backend_root_reachable" time="0.091" /></testsuite></testsuites>