<?xml version="1.0" encoding="utf-8"?><testsuites name="pytest tests"><testsuite name="pytest" errors="0" failures="0" skipped="0" tests="66" time="6.629" timestamp="2026-06-30T16:34:14.685525+00:00" hostname="agent-env-2dc3fd5f-0554-4b5b-9843-a2c5f4a15a24"><testcase classname="backend.tests.test_vercel_api_rewrite" name="test_vercel_json_is_valid_json" time="0.000" /><testcase classname="backend.tests.test_vercel_api_rewrite" name="test_rewrites_count_is_seven" time="0.000" /><testcase classname="backend.tests.test_vercel_api_rewrite" name="test_api_path_rewrite_at_index_4" time="0.000" /><testcase classname="backend.tests.test_vercel_api_rewrite" name="test_rewrite_order" time="0.000" /><testcase classname="backend.tests.test_vercel_api_rewrite" name="test_api_rewrite_before_slug_rewrite" time="0.000" /><testcase classname="backend.tests.test_vercel_api_rewrite" name="test_api_rewrite_before_catchall" time="0.000" /><testcase classname="backend.tests.test_vercel_api_rewrite" name="test_sitemap_rewrite_preserved" time="0.000" /><testcase classname="backend.tests.test_vercel_api_rewrite" name="test_robots_rewrite_preserved" time="0.000" /><testcase classname="backend.tests.test_vercel_api_rewrite" name="test_sitemap_and_robots_before_api_path" time="0.000" /><testcase classname="backend.tests.test_vercel_api_rewrite" name="test_slug_rewrite_negative_lookahead_excludes_api" time="0.000" /><testcase classname="backend.tests.test_vercel_api_rewrite" name="test_slug_rewrite_has_user_agent_condition" time="0.000" /><testcase classname="backend.tests.test_vercel_api_rewrite" name="test_catchall_is_last" time="0.000" /><testcase classname="backend.tests.test_og_endpoints" name="test_og_meta_real_slug_with_bot_ua[whatsapp-WhatsApp/2.23.20.0 A]" time="0.602" /><testcase classname="backend.tests.test_og_endpoints" name="test_og_meta_real_slug_with_bot_ua[facebook-facebookexternalhit/1.1 (+http://www.facebook.com/externalhit_uatext.php)]" time="0.309" /><testcase classname="backend.tests.test_og_endpoints" name="test_og_meta_real_slug_with_bot_ua[twitter-Twitterbot/1.0]" time="0.210" /><testcase classname="backend.tests.test_og_endpoints" name="test_og_meta_real_slug_with_bot_ua[linkedin-LinkedInBot/1.0 (compatible; Mozilla/5.0; Apache-HttpClient +http://www.linkedin.com)]" time="0.221" /><testcase classname="backend.tests.test_og_endpoints" name="test_og_meta_real_slug_with_bot_ua[slack-Slackbot-LinkExpanding 1.0 (+https://api.slack.com/robots)]" time="0.226" /><testcase classname="backend.tests.test_og_endpoints" name="test_og_meta_real_slug_with_browser_ua" time="0.220" /><testcase classname="backend.tests.test_og_endpoints" name="test_og_meta_unknown_slug_no_redirect" time="0.306" /><testcase classname="backend.tests.test_og_endpoints" name="test_og_image_real_slug" time="1.526" /><testcase classname="backend.tests.test_og_endpoints" name="test_og_image_unknown_slug_graceful" time="0.364" /><testcase classname="backend.tests.test_og_endpoints" name="test_sitemap_xml" time="0.276" /><testcase classname="backend.tests.test_og_endpoints" name="test_robots_txt" time="0.114" /><testcase classname="backend.tests.test_og_endpoints" name="test_vercel_json_valid_and_has_bot_rewrite" time="0.000" /><testcase classname="backend.tests.test_og_endpoints" name="test_og_endpoint_no_mongo_dependency" time="0.319" /><testcase classname="backend.tests.test_robots_txt_fix.TestRobotsTxtBasics" name="test_status_200" time="0.143" /><testcase classname="backend.tests.test_robots_txt_fix.TestRobotsTxtBasics" name="test_content_type_text_plain" time="0.000" /><testcase classname="backend.tests.test_robots_txt_fix.TestRobotsTxtBasics" name="test_no_disallow_api_anywhere" time="0.000" /><testcase classname="backend.tests.test_robots_txt_fix.TestRobotsTxtBasics" name="test_sitemap_pointer_preserved" time="0.000" /><testcase classname="backend.tests.test_robots_txt_fix.TestPerBotAllowBlocks" name="test_bot_has_user_agent_line[Twitterbot]" time="0.000" /><testcase classname="backend.tests.test_robots_txt_fix.TestPerBotAllowBlocks" name="test_bot_has_user_agent_line[facebookexternalhit]" time="0.000" /><testcase classname="backend.tests.test_robots_txt_fix.TestPerBotAllowBlocks" name="test_bot_has_user_agent_line[LinkedInBot]" time="0.000" /><testcase classname="backend.tests.test_robots_txt_fix.TestPerBotAllowBlocks" name="test_bot_has_user_agent_line[WhatsApp]" time="0.000" /><testcase classname="backend.tests.test_robots_txt_fix.TestPerBotAllowBlocks" name="test_bot_has_user_agent_line[Slackbot]" time="0.000" /><testcase classname="backend.tests.test_robots_txt_fix.TestPerBotAllowBlocks" name="test_bot_has_user_agent_line[TelegramBot]" time="0.000" /><testcase classname="backend.tests.test_robots_txt_fix.TestPerBotAllowBlocks" name="test_bot_has_user_agent_line[Discordbot]" time="0.000" /><testcase classname="backend.tests.test_robots_txt_fix.TestPerBotAllowBlocks" name="test_bot_has_user_agent_line[Pinterest]" time="0.000" /><testcase classname="backend.tests.test_robots_txt_fix.TestPerBotAllowBlocks" name="test_bot_block_followed_by_allow[Twitterbot]" time="0.000" /><testcase classname="backend.tests.test_robots_txt_fix.TestPerBotAllowBlocks" name="test_bot_block_followed_by_allow[facebookexternalhit]" time="0.000" /><testcase classname="backend.tests.test_robots_txt_fix.TestPerBotAllowBlocks" name="test_bot_block_followed_by_allow[LinkedInBot]" time="0.000" /><testcase classname="backend.tests.test_robots_txt_fix.TestPerBotAllowBlocks" name="test_bot_block_followed_by_allow[WhatsApp]" time="0.000" /><testcase classname="backend.tests.test_robots_txt_fix.TestPerBotAllowBlocks" name="test_bot_block_followed_by_allow[Slackbot]" time="0.000" /><testcase classname="backend.tests.test_robots_txt_fix.TestPerBotAllowBlocks" name="test_bot_block_followed_by_allow[TelegramBot]" time="0.000" /><testcase classname="backend.tests.test_robots_txt_fix.TestPerBotAllowBlocks" name="test_bot_block_followed_by_allow[Discordbot]" time="0.000" /><testcase classname="backend.tests.test_robots_txt_fix.TestPerBotAllowBlocks" name="test_bot_block_followed_by_allow[Pinterest]" time="0.000" /><testcase classname="backend.tests.test_robots_txt_fix.TestWildcardBlock" name="test_wildcard_block_present" time="0.000" /><testcase classname="backend.tests.test_robots_txt_fix.TestWildcardBlock" name="test_wildcard_disallow_rules_present[Disallow: /account]" time="0.000" /><testcase classname="backend.tests.test_robots_txt_fix.TestWildcardBlock" name="test_wildcard_disallow_rules_present[Disallow: /login]" time="0.000" /><testcase classname="backend.tests.test_robots_txt_fix.TestWildcardBlock" name="test_wildcard_disallow_rules_present[Disallow: /teams/manage]" time="0.000" /><testcase classname="backend.tests.test_robots_txt_fix.TestWildcardBlock" name="test_wildcard_disallow_rules_present[Disallow: /teams/login]" time="0.000" /><testcase classname="backend.tests.test_robots_txt_fix.TestWildcardBlock" name="test_wildcard_disallow_rules_present[Disallow: /s/]" time="0.000" /><testcase classname="backend.tests.test_robots_txt_fix.TestRobotParserCanFetchOgImage" name="test_social_bot_can_fetch_og_image[Twitterbot-Twitterbot/1.0]" time="0.000" /><testcase classname="backend.tests.test_robots_txt_fix.TestRobotParserCanFetchOgImage" name="test_social_bot_can_fetch_og_image[LinkedInBot-LinkedInBot/1.0]" time="0.000" /><testcase classname="backend.tests.test_robots_txt_fix.TestRobotParserCanFetchOgImage" name="test_social_bot_can_fetch_og_image[facebookexternalhit-facebookexternalhit/1.1]" time="0.000" /><testcase classname="backend.tests.test_robots_txt_fix.TestRobotParserCanFetchOgImage" name="test_social_bot_can_fetch_og_image[WhatsApp-WhatsApp/2.23.20.0 A]" time="0.000" /><testcase classname="backend.tests.test_robots_txt_fix.TestRobotParserCanFetchOgImage" name="test_social_bot_can_fetch_og_image[Slackbot-Slackbot-LinkExpanding 1.0]" time="0.000" /><testcase classname="backend.tests.test_robots_txt_fix.TestRobotParserCanFetchOgImage" name="test_social_bot_short_name_can_fetch_og_image[Twitterbot]" time="0.000" /><testcase classname="backend.tests.test_robots_txt_fix.TestRobotParserCanFetchOgImage" name="test_social_bot_short_name_can_fetch_og_image[LinkedInBot]" time="0.000" /><testcase classname="backend.tests.test_robots_txt_fix.TestRobotParserCanFetchOgImage" name="test_social_bot_short_name_can_fetch_og_image[facebookexternalhit]" time="0.000" /><testcase classname="backend.tests.test_robots_txt_fix.TestRobotParserCanFetchOgImage" name="test_social_bot_short_name_can_fetch_og_image[WhatsApp]" time="0.000" /><testcase classname="backend.tests.test_robots_txt_fix.TestRobotParserCanFetchOgImage" name="test_social_bot_short_name_can_fetch_og_image[Slackbot]" time="0.000" /><testcase classname="backend.tests.test_robots_txt_fix.TestRobotParserCanFetchOgImage" name="test_unknown_crawler_can_fetch_og_image" time="0.000" /><testcase classname="backend.tests.test_robots_txt_fix.TestRobotParserCanFetchOgImage" name="test_wildcard_disallow_rules_present_in_body" time="0.000" /><testcase classname="backend.tests.test_robots_txt_fix.TestOgEndpointsStillWork" name="test_og_image_real_slug_returns_png" time="1.264" /><testcase classname="backend.tests.test_robots_txt_fix.TestOgEndpointsStillWork" name="test_og_meta_with_twitterbot_ua" time="0.250" /><testcase classname="backend.tests.test_robots_txt_fix.TestOgEndpointsStillWork" name="test_sitemap_still_works" time="0.173" /></testsuite></testsuites>