<?xml version="1.0" encoding="utf-8"?><testsuites name="pytest tests"><testsuite name="pytest" errors="0" failures="0" skipped="0" tests="13" time="4.065" timestamp="2026-06-30T06:30:33.763668+00:00" hostname="agent-env-2dc3fd5f-0554-4b5b-9843-a2c5f4a15a24"><testcase classname="backend.tests.test_og_endpoints" name="test_og_meta_real_slug_with_bot_ua[whatsapp-WhatsApp/2.23.20.0 A]" time="0.422" /><testcase classname="backend.tests.test_og_endpoints" name="test_og_meta_real_slug_with_bot_ua[facebook-facebookexternalhit/1.1 (+http://www.facebook.com/externalhit_uatext.php)]" time="0.178" /><testcase classname="backend.tests.test_og_endpoints" name="test_og_meta_real_slug_with_bot_ua[twitter-Twitterbot/1.0]" time="0.158" /><testcase classname="backend.tests.test_og_endpoints" name="test_og_meta_real_slug_with_bot_ua[linkedin-LinkedInBot/1.0 (compatible; Mozilla/5.0; Apache-HttpClient +http://www.linkedin.com)]" time="0.165" /><testcase classname="backend.tests.test_og_endpoints" name="test_og_meta_real_slug_with_bot_ua[slack-Slackbot-LinkExpanding 1.0 (+https://api.slack.com/robots)]" time="0.206" /><testcase classname="backend.tests.test_og_endpoints" name="test_og_meta_real_slug_with_browser_ua" time="0.166" /><testcase classname="backend.tests.test_og_endpoints" name="test_og_meta_unknown_slug_no_redirect" time="0.306" /><testcase classname="backend.tests.test_og_endpoints" name="test_og_image_real_slug" time="1.415" /><testcase classname="backend.tests.test_og_endpoints" name="test_og_image_unknown_slug_graceful" time="0.324" /><testcase classname="backend.tests.test_og_endpoints" name="test_sitemap_xml" time="0.217" /><testcase classname="backend.tests.test_og_endpoints" name="test_robots_txt" time="0.106" /><testcase classname="backend.tests.test_og_endpoints" name="test_vercel_json_valid_and_has_bot_rewrite" time="0.000" /><testcase classname="backend.tests.test_og_endpoints" name="test_og_endpoint_no_mongo_dependency" time="0.340" /></testsuite></testsuites>